<component name="libraryTable">
  <library name="junit5">
    <CLASSES>
      <root url="file://$PROJECT_DIR$/junit5" />
      <root url="jar://$PROJECT_DIR$/../kotlin-stdlib.jar!/" />
      <root url="jar://$PROJECT_DIR$/../kotlin-reflect.jar!/" />
      <root url="jar://$PROJECT_DIR$/../kotlin-test.jar!/" />
      <root url="jar://$PROJECT_DIR$/../kotlin-stdlib-jdk7.jar!/" />
      <root url="jar://$PROJECT_DIR$/../kotlin-stdlib-jdk8.jar!/" />
    </CLASSES>
    <JAVADOC />
    <SOURCES>
      <root url="jar://$KOTLIN_BUNDLED$/lib/kotlin-stdlib-sources.jar!/" />
      <root url="jar://$KOTLIN_BUNDLED$/lib/kotlin-reflect-sources.jar!/" />
      <root url="jar://$KOTLIN_BUNDLED$/lib/kotlin-test-sources.jar!/" />
      <root url="jar://$KOTLIN_BUNDLED$/lib/kotlin-stdlib-jdk7-sources.jar!/" />
      <root url="jar://$KOTLIN_BUNDLED$/lib/kotlin-stdlib-jdk8-sources.jar!/" />
    </SOURCES>
    <jarDirectory url="file://$PROJECT_DIR$/junit5" recursive="false" />
  </library>
</component>